****OPENED
Time: Tue Nov  5 18:03:01 2013 GMT
Collecting from ecorE11 on host collector-nsac1
Enabled (Wed Jul  3 18:03:02 2013): Instrument is on-line

Cleaning out files older than 28 days from /data/collection/nsa/nsaecorE11.00
Cleaning out files older than 56 days from /data/logs/nsa/collect_logs/nsaecorE11

Log Info From: ftp_transfer
\\\\\\\\\\\\\\\\\\\\\\\\\\\\
Version:     $Id: ftp_transfer.perl 18533 2013-08-02 20:02:57Z ermold $
Local Host:  collector-nsac1
Remote Host: 198.124.105.62

----------------------------
Remote Time Check:
Could not get time from SNTP time server (198.124.105.62): No answer from server
Could not get time from TCP time server (198.124.105.62): Can not connect to server

Local:     collector-nsac1  1383674581 Tue Nov  5 18:03:01 2013
Reference: ntp-nsac1.nsa.arm.gov  1383674581 Tue Nov  5 18:03:01 2013
System:    198.124.105.62  UNKNOWN 
Offset:    UNKNOWN seconds
----------------------------

ERROR: Failed to get new ftp object: Net::FTP: connect: timeout

Run Time:   100 seconds
Close time: Tue Nov  5 18:04:41 2013 GMT
////////////////////////////


Status:     Failed => No data was collected from the instrument.
Run Time:   100 seconds.
Close time: Tue Nov  5 18:04:41 2013 GMT
****CLOSED
