****OPENED
Time: Thu Oct 31 20:10:01 2013 GMT
Collecting from kazrC1 on host collector-nsac1
Enabled (Wed Jul  3 18:10:01 2013): Instrument is on-line

Cleaning out files older than 28 days from /data/collection/nsa/nsakazrC1.00
Cleaned up old file: /data/collection/nsa/nsakazrC1.00/KAZR_MOMENTS_20131003-180014.dat
Cleaning out files older than 56 days from /data/logs/nsa/collect_logs/nsakazrC1

Log Info From: ftp_transfer
\\\\\\\\\\\\\\\\\\\\\\\\\\\\
Version:     $Id: ftp_transfer.perl 18533 2013-08-02 20:02:57Z ermold $
Local Host:  collector-nsac1
Remote Host: 192.148.94.5

----------------------------
Remote Time Check:
Could not get time from SNTP time server (192.148.94.5): No answer from server
Could not get time from TCP time server (192.148.94.5): Can not connect to server

Local:     collector-nsac1  1383250202 Thu Oct 31 20:10:02 2013
Reference: ntp-nsac1.nsa.arm.gov  1383250202 Thu Oct 31 20:10:02 2013
System:    192.148.94.5  UNKNOWN 
Offset:    UNKNOWN seconds
----------------------------

Transfer mode is binary
Checking for remote files in: /import/rds1data1/KAZR_moments
Reached max get files limit for '.+\.dat$': 24 files
Found 24 files to transfer from the remote system
Transfering files from the remote system:
    remote: /import/rds1data1/KAZR_moments
    local:  /data/collection/nsa/nsakazrC1.00/collecting
Downloading: KAZR_MOMENTS_20131030-170012.dat (27355016 bytes)
Received:    KAZR_MOMENTS_20131030-170012.dat (27355016 bytes)
Deleted:     KAZR_MOMENTS_20131030-170012.dat (1.1 days old)
Downloading: KAZR_MOMENTS_20131030-180007.dat (27383088 bytes)
Received:    KAZR_MOMENTS_20131030-180007.dat (27383088 bytes)
Deleted:     KAZR_MOMENTS_20131030-180007.dat (1.0 days old)
Downloading: KAZR_MOMENTS_20131030-190006.dat (27439232 bytes)
Received:    KAZR_MOMENTS_20131030-190006.dat (27439232 bytes)
Deleted:     KAZR_MOMENTS_20131030-190006.dat (1.0 days old)
Downloading: KAZR_MOMENTS_20131030-200011.dat (27355016 bytes)
Received:    KAZR_MOMENTS_20131030-200011.dat (27355016 bytes)
Downloading: KAZR_MOMENTS_20131030-210006.dat (27383088 bytes)
Received:    KAZR_MOMENTS_20131030-210006.dat (27383088 bytes)
Downloading: KAZR_MOMENTS_20131030-220005.dat (27383088 bytes)
Received:    KAZR_MOMENTS_20131030-220005.dat (27383088 bytes)
Downloading: KAZR_MOMENTS_20131030-230003.dat (27467304 bytes)
Received:    KAZR_MOMENTS_20131030-230003.dat (27467304 bytes)
Downloading: KAZR_MOMENTS_20131031-000013.dat (27383088 bytes)
Received:    KAZR_MOMENTS_20131031-000013.dat (27383088 bytes)
Downloading: KAZR_MOMENTS_20131031-010012.dat (27439232 bytes)
Received:    KAZR_MOMENTS_20131031-010012.dat (27439232 bytes)
Downloading: KAZR_MOMENTS_20131031-020017.dat (27326944 bytes)
Received:    KAZR_MOMENTS_20131031-020017.dat (27326944 bytes)
Downloading: KAZR_MOMENTS_20131031-030009.dat (27383088 bytes)
Received:    KAZR_MOMENTS_20131031-030009.dat (27383088 bytes)
Downloading: KAZR_MOMENTS_20131031-040007.dat (27467304 bytes)
Received:    KAZR_MOMENTS_20131031-040007.dat (27467304 bytes)
Downloading: KAZR_MOMENTS_20131031-050017.dat (27298872 bytes)
Received:    KAZR_MOMENTS_20131031-050017.dat (27298872 bytes)
Downloading: KAZR_MOMENTS_20131031-060004.dat (27467304 bytes)
Received:    KAZR_MOMENTS_20131031-060004.dat (27467304 bytes)
Downloading: KAZR_MOMENTS_20131031-070014.dat (27355016 bytes)
Received:    KAZR_MOMENTS_20131031-070014.dat (27355016 bytes)
Downloading: KAZR_MOMENTS_20131031-080009.dat (27383088 bytes)
Received:    KAZR_MOMENTS_20131031-080009.dat (27383088 bytes)
Downloading: KAZR_MOMENTS_20131031-090007.dat (27467304 bytes)
Received:    KAZR_MOMENTS_20131031-090007.dat (27467304 bytes)
Downloading: KAZR_MOMENTS_20131031-100017.dat (27326944 bytes)
Received:    KAZR_MOMENTS_20131031-100017.dat (27326944 bytes)
Downloading: KAZR_MOMENTS_20131031-110008.dat (27411160 bytes)
Received:    KAZR_MOMENTS_20131031-110008.dat (27411160 bytes)
Downloading: KAZR_MOMENTS_20131031-120010.dat (27439232 bytes)
Received:    KAZR_MOMENTS_20131031-120010.dat (27439232 bytes)
Downloading: KAZR_MOMENTS_20131031-130016.dat (27326944 bytes)
Received:    KAZR_MOMENTS_20131031-130016.dat (27326944 bytes)
Downloading: KAZR_MOMENTS_20131031-140007.dat (27411160 bytes)
Received:    KAZR_MOMENTS_20131031-140007.dat (27411160 bytes)
Downloading: KAZR_MOMENTS_20131031-150009.dat (27383088 bytes)
Received:    KAZR_MOMENTS_20131031-150009.dat (27383088 bytes)
Downloading: KAZR_MOMENTS_20131031-160008.dat (27383088 bytes)
Received:    KAZR_MOMENTS_20131031-160008.dat (27383088 bytes)

Total Get Files: 24
Total Get Bytes: 657418688

Run Time:   161 seconds
Close time: Thu Oct 31 20:12:43 2013 GMT
////////////////////////////

Collected:  /data/collection/nsa/nsakazrC1.00/collecting/KAZR_MOMENTS_20131030-170012.dat    27355016 bytes    Thu Oct 31 20:09:36 2013
Collected:  /data/collection/nsa/nsakazrC1.00/collecting/KAZR_MOMENTS_20131030-180007.dat    27383088 bytes    Thu Oct 31 20:09:40 2013
Collected:  /data/collection/nsa/nsakazrC1.00/collecting/KAZR_MOMENTS_20131030-190006.dat    27439232 bytes    Thu Oct 31 20:09:45 2013
Collected:  /data/collection/nsa/nsakazrC1.00/collecting/KAZR_MOMENTS_20131030-200011.dat    27355016 bytes    Thu Oct 31 20:09:49 2013
Collected:  /data/collection/nsa/nsakazrC1.00/collecting/KAZR_MOMENTS_20131030-210006.dat    27383088 bytes    Thu Oct 31 20:09:53 2013
Collected:  /data/collection/nsa/nsakazrC1.00/collecting/KAZR_MOMENTS_20131030-220005.dat    27383088 bytes    Thu Oct 31 20:09:58 2013
Collected:  /data/collection/nsa/nsakazrC1.00/collecting/KAZR_MOMENTS_20131030-230003.dat    27467304 bytes    Thu Oct 31 20:10:02 2013
Collected:  /data/collection/nsa/nsakazrC1.00/collecting/KAZR_MOMENTS_20131031-000013.dat    27383088 bytes    Thu Oct 31 20:10:07 2013
Collected:  /data/collection/nsa/nsakazrC1.00/collecting/KAZR_MOMENTS_20131031-010012.dat    27439232 bytes    Thu Oct 31 20:10:14 2013
Collected:  /data/collection/nsa/nsakazrC1.00/collecting/KAZR_MOMENTS_20131031-020017.dat    27326944 bytes    Thu Oct 31 20:10:27 2013
Collected:  /data/collection/nsa/nsakazrC1.00/collecting/KAZR_MOMENTS_20131031-030009.dat    27383088 bytes    Thu Oct 31 20:10:29 2013
Collected:  /data/collection/nsa/nsakazrC1.00/collecting/KAZR_MOMENTS_20131031-040007.dat    27467304 bytes    Thu Oct 31 20:10:33 2013
Collected:  /data/collection/nsa/nsakazrC1.00/collecting/KAZR_MOMENTS_20131031-050017.dat    27298872 bytes    Thu Oct 31 20:10:35 2013
Collected:  /data/collection/nsa/nsakazrC1.00/collecting/KAZR_MOMENTS_20131031-060004.dat    27467304 bytes    Thu Oct 31 20:10:39 2013
Collected:  /data/collection/nsa/nsakazrC1.00/collecting/KAZR_MOMENTS_20131031-070014.dat    27355016 bytes    Thu Oct 31 20:10:43 2013
Collected:  /data/collection/nsa/nsakazrC1.00/collecting/KAZR_MOMENTS_20131031-080009.dat    27383088 bytes    Thu Oct 31 20:10:51 2013
Collected:  /data/collection/nsa/nsakazrC1.00/collecting/KAZR_MOMENTS_20131031-090007.dat    27467304 bytes    Thu Oct 31 20:10:55 2013
Collected:  /data/collection/nsa/nsakazrC1.00/collecting/KAZR_MOMENTS_20131031-100017.dat    27326944 bytes    Thu Oct 31 20:11:00 2013
Collected:  /data/collection/nsa/nsakazrC1.00/collecting/KAZR_MOMENTS_20131031-110008.dat    27411160 bytes    Thu Oct 31 20:11:04 2013
Collected:  /data/collection/nsa/nsakazrC1.00/collecting/KAZR_MOMENTS_20131031-120010.dat    27439232 bytes    Thu Oct 31 20:11:08 2013
Collected:  /data/collection/nsa/nsakazrC1.00/collecting/KAZR_MOMENTS_20131031-130016.dat    27326944 bytes    Thu Oct 31 20:11:13 2013
Collected:  /data/collection/nsa/nsakazrC1.00/collecting/KAZR_MOMENTS_20131031-140007.dat    27411160 bytes    Thu Oct 31 20:11:17 2013
Collected:  /data/collection/nsa/nsakazrC1.00/collecting/KAZR_MOMENTS_20131031-150009.dat    27383088 bytes    Thu Oct 31 20:11:25 2013
Collected:  /data/collection/nsa/nsakazrC1.00/collecting/KAZR_MOMENTS_20131031-160008.dat    27383088 bytes    Thu Oct 31 20:11:29 2013

Status:     Successful collection
Run Time:   341 seconds.
Close time: Thu Oct 31 20:15:42 2013 GMT
****CLOSED
