****OPENED
Time: Tue Nov  5 18:03:01 2013 GMT
Collecting from mplpolfsC1 on host collector-nsac1
Enabled (Wed Jul  3 18:03:02 2013): Instrument is on-line

Cleaning out files older than 28 days from /data/collection/nsa/nsamplpolfsC1.00
Cleaned up old file: /data/collection/nsa/nsamplpolfsC1.00/201310081600.mpl
Cleaning out files older than 56 days from /data/logs/nsa/collect_logs/nsamplpolfsC1

Log Info From: ftp_transfer
\\\\\\\\\\\\\\\\\\\\\\\\\\\\
Version:     $Id: ftp_transfer.perl 18533 2013-08-02 20:02:57Z ermold $
Local Host:  collector-nsac1
Remote Host: mpl-nsac1.nsa.arm.gov

----------------------------
Remote Time Check:
Could not get time from SNTP time server (mpl-nsac1.nsa.arm.gov): No answer from server
Could not get time from TCP time server (mpl-nsac1.nsa.arm.gov): Can not connect to server

Local:     collector-nsac1  1383674581 Tue Nov  5 18:03:01 2013
Reference: ntp-nsac1.nsa.arm.gov  1383674581 Tue Nov  5 18:03:01 2013
System:    mpl-nsac1.nsa.arm.gov  UNKNOWN 
Offset:    UNKNOWN seconds
----------------------------

Transfer mode is binary
Checking for remote files in: /
Found 1 files to transfer from the remote system
Transfering files from the remote system:
    remote: /
    local:  /data/collection/nsa/nsamplpolfsC1.00/collecting
Downloading: 201311051700.mpl (9262080 bytes)
Received:    201311051700.mpl (9262080 bytes)
Deleted:     201311051700.mpl

Total Get Files: 1
Total Get Bytes: 9262080

Run Time:   11 seconds
Close time: Tue Nov  5 18:03:12 2013 GMT
////////////////////////////

Collected:  /data/collection/nsa/nsamplpolfsC1.00/collecting/201311051700.mpl    9262080 bytes    Tue Nov  5 18:03:11 2013

Status:     Successful collection
Run Time:   13 seconds.
Close time: Tue Nov  5 18:03:14 2013 GMT
****CLOSED
