****OPENED
Time: Tue Nov  5 18:02:01 2013 GMT
Collecting from tsiC1 on host collector-nsac1
Enabled (Wed Jul  3 18:02:01 2013): Instrument is on-line

Cleaning out files older than 28 days from /data/collection/nsa/nsatsiC1.00
Cleaning out files older than 56 days from /data/logs/nsa/collect_logs/nsatsiC1

Log Info From: ftp_transfer
\\\\\\\\\\\\\\\\\\\\\\\\\\\\
Version:     $Id: ftp_transfer.perl 18533 2013-08-02 20:02:57Z ermold $
Local Host:  collector-nsac1
Remote Host: 192.148.94.26

----------------------------
Remote Time Check:
Could not get time from SNTP time server (192.148.94.26): No answer from server
Could not get time from TCP time server (192.148.94.26): Can not connect to server

Local:     collector-nsac1  1383674522 Tue Nov  5 18:02:02 2013
Reference: ntp-nsac1.nsa.arm.gov  1383674522 Tue Nov  5 18:02:02 2013
System:    192.148.94.26  UNKNOWN 
Offset:    UNKNOWN seconds
----------------------------

Transfer mode is binary
Checking for remote files in: /
Found 1 files to transfer from the remote system
Transfering files from the remote system:
    remote: /
    local:  /data/collection/nsa/nsatsiC1.00/collecting/.bundling
Downloading: 20131105_tsi.properties (1332 bytes)
Received:    20131105_tsi.properties (1332 bytes)
Deleted:     20131105_tsi.properties

Total Get Files: 1
Total Get Bytes: 1332

Run Time:   10 seconds
Close time: Tue Nov  5 18:02:12 2013 GMT
////////////////////////////

Renamed: 20131105_tsi.properties -> 20040525191719_tsi.properties
Collected:  /data/collection/nsa/nsatsiC1.00/collecting/20040525191719_tsi.properties    1332 bytes    Tue Nov  5 18:02:12 2013

Status:     Successful collection
Run Time:   11 seconds.
Close time: Tue Nov  5 18:02:12 2013 GMT
****CLOSED
