****OPENED
Time: Sat Jul 20 14:50:01 2013 GMT
Collecting from wsacrspecC1 on host collector-nsac1
Enabled (Wed Jul  3 17:50:01 2013): Instrument is on-line

Cleaning out files older than 365 days from /data/collection/nsa/nsawsacrspecC1.00
Cleaning out files older than 56 days from /data/logs/nsa/collect_logs/nsawsacrspecC1

Log Info From: ftp_transfer
\\\\\\\\\\\\\\\\\\\\\\\\\\\\
Version:     $Id: ftp_transfer.perl 13397 2012-04-13 21:07:33Z ermold $
Local Host:  collector-nsac1
Remote Host: 192.148.94.7

----------------------------
Remote Time Check:
Could not get time from SNTP time server (192.148.94.7): No answer from server
Could not get time from TCP time server (192.148.94.7): Can not connect to server

Local:     collector-nsac1  1374331801 Sat Jul 20 14:50:01 2013
Reference: ntp-nsac1.nsa.arm.gov  1374331801 Sat Jul 20 14:50:01 2013
System:    192.148.94.7  UNKNOWN 
Offset:    UNKNOWN seconds
----------------------------

Transfer mode is binary
Deleted remote file: /import/rds2data2/SACR_spectra/W_NSA_SACR_SPECTRA_20130717-133802.dat (3.0 days old)
Found 1 files to transfer from the remote system
Transfering files from the remote system:
    remote: /import/rds2data2/SACR_spectra
    local:  /data/collection/nsa/nsawsacrspecC1.00/collecting
Got: W_NSA_SACR_SPECTRA_20130720-134539.dat	(2623315590 bytes)

Total Get Files: 1
Total Get Bytes: 2623315590

Run Time:   304 seconds
Close time: Sat Jul 20 14:55:05 2013 GMT
////////////////////////////

Collected:  /data/collection/nsa/nsawsacrspecC1.00/collecting/W_NSA_SACR_SPECTRA_20130720-134539.dat    2623315590 bytes    Sat Jul 20 14:51:05 2013

Status:     Successful collection
Run Time:   391 seconds.
Close time: Sat Jul 20 14:56:32 2013 GMT
****CLOSED
