****OPENED
Time: Thu Oct 31 14:06:01 2013 GMT
Collecting from sebsE10 on host collector-nsac1
Enabled (Wed Jul  3 18:06:01 2013): Instrument is on-line

Cleaning out files older than 28 days from /data/collection/nsa/nsasebsE10.00
Cleaned up old file: /data/collection/nsa/nsasebsE10.00/sebsE10.Table30.20131002_190000.raw
Cleaned up old file: /data/collection/nsa/nsasebsE10.00/sebsE10.Table30.20131002_200000.raw
Cleaned up old file: /data/collection/nsa/nsasebsE10.00/sebsE10.Table30.20131002_210000.raw
Cleaned up old file: /data/collection/nsa/nsasebsE10.00/sebsE10.Table30.20131002_220000.raw
Cleaned up old file: /data/collection/nsa/nsasebsE10.00/sebsE10.Table30.20131002_230000.raw
Cleaned up old file: /data/collection/nsa/nsasebsE10.00/sebsE10.Table30.20131003_000000.raw
Cleaned up old file: /data/collection/nsa/nsasebsE10.00/sebsE10.Table30.20131003_010000.raw
Cleaned up old file: /data/collection/nsa/nsasebsE10.00/sebsE10.Table30.20131003_020000.raw
Cleaned up old file: /data/collection/nsa/nsasebsE10.00/sebsE10.Table30.20131003_030000.raw
Cleaned up old file: /data/collection/nsa/nsasebsE10.00/sebsE10.Table30.20131003_040000.raw
Cleaned up old file: /data/collection/nsa/nsasebsE10.00/sebsE10.Table30.20131003_050000.raw
Cleaned up old file: /data/collection/nsa/nsasebsE10.00/sebsE10.Table30.20131003_060000.raw
Cleaned up old file: /data/collection/nsa/nsasebsE10.00/sebsE10.Table30.20131003_070000.raw
Cleaned up old file: /data/collection/nsa/nsasebsE10.00/sebsE10.Table30.20131003_080000.raw
Cleaned up old file: /data/collection/nsa/nsasebsE10.00/sebsE10.Table30.20131003_090000.raw
Cleaned up old file: /data/collection/nsa/nsasebsE10.00/sebsE10.Table30.20131003_100000.raw
Cleaned up old file: /data/collection/nsa/nsasebsE10.00/sebsE10.Table30.20131003_110000.raw
Cleaned up old file: /data/collection/nsa/nsasebsE10.00/sebsE10.Table30.20131003_120000.raw
Cleaning out files older than 56 days from /data/logs/nsa/collect_logs/nsasebsE10

Log Info From: ftp_transfer
\\\\\\\\\\\\\\\\\\\\\\\\\\\\
Version:     $Id: ftp_transfer.perl 18533 2013-08-02 20:02:57Z ermold $
Local Host:  collector-nsac1
Remote Host: 192.148.94.34

----------------------------
Remote Time Check:
Local:     collector-nsac1  1383228361 Thu Oct 31 14:06:01 2013
Reference: ntp-nsac1.nsa.arm.gov  1383228361 Thu Oct 31 14:06:01 2013
System:    192.148.94.34  1383228361 Thu Oct 31 14:06:01 2013
Offset:    0.000375 seconds
----------------------------

Transfer mode is binary
Checking for remote files in: /data/outgoing_to/nsa.arm.gov
Found 18 files to transfer from the remote system
Transfering files from the remote system:
    remote: /data/outgoing_to/nsa.arm.gov
    local:  /data/collection/nsa/nsasebsE10.00/collecting
Downloading: sebsE10.Table30.20131030_200000.raw (1316 bytes)
Received:    sebsE10.Table30.20131030_200000.raw (1316 bytes)
Deleted:     sebsE10.Table30.20131030_200000.raw
Downloading: sebsE10.Table30.20131030_210000.raw (1314 bytes)
Received:    sebsE10.Table30.20131030_210000.raw (1314 bytes)
Deleted:     sebsE10.Table30.20131030_210000.raw
Downloading: sebsE10.Table30.20131030_220000.raw (1306 bytes)
Received:    sebsE10.Table30.20131030_220000.raw (1306 bytes)
Deleted:     sebsE10.Table30.20131030_220000.raw
Downloading: sebsE10.Table30.20131030_230000.raw (1315 bytes)
Received:    sebsE10.Table30.20131030_230000.raw (1315 bytes)
Deleted:     sebsE10.Table30.20131030_230000.raw
Downloading: sebsE10.Table30.20131031_000000.raw (1315 bytes)
Received:    sebsE10.Table30.20131031_000000.raw (1315 bytes)
Deleted:     sebsE10.Table30.20131031_000000.raw
Downloading: sebsE10.Table30.20131031_010000.raw (1324 bytes)
Received:    sebsE10.Table30.20131031_010000.raw (1324 bytes)
Deleted:     sebsE10.Table30.20131031_010000.raw
Downloading: sebsE10.Table30.20131031_020000.raw (1330 bytes)
Received:    sebsE10.Table30.20131031_020000.raw (1330 bytes)
Deleted:     sebsE10.Table30.20131031_020000.raw
Downloading: sebsE10.Table30.20131031_030000.raw (1321 bytes)
Received:    sebsE10.Table30.20131031_030000.raw (1321 bytes)
Deleted:     sebsE10.Table30.20131031_030000.raw
Downloading: sebsE10.Table30.20131031_040000.raw (1321 bytes)
Received:    sebsE10.Table30.20131031_040000.raw (1321 bytes)
Deleted:     sebsE10.Table30.20131031_040000.raw
Downloading: sebsE10.Table30.20131031_050000.raw (1320 bytes)
Received:    sebsE10.Table30.20131031_050000.raw (1320 bytes)
Deleted:     sebsE10.Table30.20131031_050000.raw
Downloading: sebsE10.Table30.20131031_060000.raw (1321 bytes)
Received:    sebsE10.Table30.20131031_060000.raw (1321 bytes)
Deleted:     sebsE10.Table30.20131031_060000.raw
Downloading: sebsE10.Table30.20131031_070000.raw (1320 bytes)
Received:    sebsE10.Table30.20131031_070000.raw (1320 bytes)
Deleted:     sebsE10.Table30.20131031_070000.raw
Downloading: sebsE10.Table30.20131031_080000.raw (1321 bytes)
Received:    sebsE10.Table30.20131031_080000.raw (1321 bytes)
Deleted:     sebsE10.Table30.20131031_080000.raw
Downloading: sebsE10.Table30.20131031_090000.raw (1324 bytes)
Received:    sebsE10.Table30.20131031_090000.raw (1324 bytes)
Deleted:     sebsE10.Table30.20131031_090000.raw
Downloading: sebsE10.Table30.20131031_100000.raw (1319 bytes)
Received:    sebsE10.Table30.20131031_100000.raw (1319 bytes)
Deleted:     sebsE10.Table30.20131031_100000.raw
Downloading: sebsE10.Table30.20131031_110000.raw (1321 bytes)
Received:    sebsE10.Table30.20131031_110000.raw (1321 bytes)
Deleted:     sebsE10.Table30.20131031_110000.raw
Downloading: sebsE10.Table30.20131031_120000.raw (1322 bytes)
Received:    sebsE10.Table30.20131031_120000.raw (1322 bytes)
Deleted:     sebsE10.Table30.20131031_120000.raw
Downloading: sebsE10.Table30.20131031_130000.raw (1326 bytes)
Received:    sebsE10.Table30.20131031_130000.raw (1326 bytes)
Deleted:     sebsE10.Table30.20131031_130000.raw

Total Get Files: 18
Total Get Bytes: 23756

Run Time:   1 seconds
Close time: Thu Oct 31 14:06:02 2013 GMT
////////////////////////////

Collected:  /data/collection/nsa/nsasebsE10.00/collecting/sebsE10.Table30.20131030_200000.raw    1316 bytes    Thu Oct 31 14:04:55 2013
Collected:  /data/collection/nsa/nsasebsE10.00/collecting/sebsE10.Table30.20131030_210000.raw    1314 bytes    Thu Oct 31 14:04:55 2013
Collected:  /data/collection/nsa/nsasebsE10.00/collecting/sebsE10.Table30.20131030_220000.raw    1306 bytes    Thu Oct 31 14:04:55 2013
Collected:  /data/collection/nsa/nsasebsE10.00/collecting/sebsE10.Table30.20131030_230000.raw    1315 bytes    Thu Oct 31 14:04:55 2013
Collected:  /data/collection/nsa/nsasebsE10.00/collecting/sebsE10.Table30.20131031_000000.raw    1315 bytes    Thu Oct 31 14:04:55 2013
Collected:  /data/collection/nsa/nsasebsE10.00/collecting/sebsE10.Table30.20131031_010000.raw    1324 bytes    Thu Oct 31 14:04:55 2013
Collected:  /data/collection/nsa/nsasebsE10.00/collecting/sebsE10.Table30.20131031_020000.raw    1330 bytes    Thu Oct 31 14:04:55 2013
Collected:  /data/collection/nsa/nsasebsE10.00/collecting/sebsE10.Table30.20131031_030000.raw    1321 bytes    Thu Oct 31 14:04:55 2013
Collected:  /data/collection/nsa/nsasebsE10.00/collecting/sebsE10.Table30.20131031_040000.raw    1321 bytes    Thu Oct 31 14:04:55 2013
Collected:  /data/collection/nsa/nsasebsE10.00/collecting/sebsE10.Table30.20131031_050000.raw    1320 bytes    Thu Oct 31 14:04:55 2013
Collected:  /data/collection/nsa/nsasebsE10.00/collecting/sebsE10.Table30.20131031_060000.raw    1321 bytes    Thu Oct 31 14:04:55 2013
Collected:  /data/collection/nsa/nsasebsE10.00/collecting/sebsE10.Table30.20131031_070000.raw    1320 bytes    Thu Oct 31 14:04:55 2013
Collected:  /data/collection/nsa/nsasebsE10.00/collecting/sebsE10.Table30.20131031_080000.raw    1321 bytes    Thu Oct 31 14:04:55 2013
Collected:  /data/collection/nsa/nsasebsE10.00/collecting/sebsE10.Table30.20131031_090000.raw    1324 bytes    Thu Oct 31 14:04:55 2013
Collected:  /data/collection/nsa/nsasebsE10.00/collecting/sebsE10.Table30.20131031_100000.raw    1319 bytes    Thu Oct 31 14:04:55 2013
Collected:  /data/collection/nsa/nsasebsE10.00/collecting/sebsE10.Table30.20131031_110000.raw    1321 bytes    Thu Oct 31 14:04:55 2013
Collected:  /data/collection/nsa/nsasebsE10.00/collecting/sebsE10.Table30.20131031_120000.raw    1322 bytes    Thu Oct 31 14:04:55 2013
Collected:  /data/collection/nsa/nsasebsE10.00/collecting/sebsE10.Table30.20131031_130000.raw    1326 bytes    Thu Oct 31 14:04:55 2013

Status:     Successful collection
Run Time:   2 seconds.
Close time: Thu Oct 31 14:06:03 2013 GMT
****CLOSED
